0 verbose cli /usr/bin/node /usr/local/bin/npm
1 info using npm@9.5.0
2 info using node@v18.17.1
3 timing npm:load:whichnode Completed in 1ms
4 timing config:load:defaults Completed in 2ms
5 timing config:load:file:/usr/local/lib/node_modules/npm/npmrc Completed in 2ms
6 timing config:load:builtin Completed in 2ms
7 timing config:load:cli Completed in 2ms
8 timing config:load:env Completed in 1ms
9 timing config:load:file:/home/s314-clubmed/.cache/typescript/5.9/.npmrc Completed in 0ms
10 timing config:load:project Completed in 2ms
11 timing config:load:file:/home/s314-clubmed/.npmrc Completed in 0ms
12 timing config:load:user Completed in 0ms
13 timing config:load:file:/etc/npmrc Completed in 1ms
14 timing config:load:global Completed in 1ms
15 timing config:load:setEnvs Completed in 1ms
16 timing config:load Completed in 11ms
17 timing npm:load:configload Completed in 11ms
18 timing npm:load:mkdirpcache Completed in 0ms
19 timing npm:load:mkdirplogs Completed in 0ms
20 verbose title npm install types-registry@latest
21 verbose argv "install" "--ignore-scripts" "types-registry@latest"
22 timing npm:load:setTitle Completed in 1ms
23 timing config:load:flatten Completed in 3ms
24 timing npm:load:display Completed in 4ms
25 verbose logfile logs-max:10 dir:/home/s314-clubmed/.npm/_logs/2025-12-11T13_58_46_132Z-
26 verbose logfile /home/s314-clubmed/.npm/_logs/2025-12-11T13_58_46_132Z-debug-0.log
27 timing npm:load:logFile Completed in 6ms
28 timing npm:load:timers Completed in 0ms
29 timing npm:load:configScope Completed in 0ms
30 timing npm:load Completed in 23ms
31 timing arborist:ctor Completed in 1ms
32 silly logfile start cleaning logs, removing 1 files
33 silly logfile done cleaning log files
34 timing arborist:ctor Completed in 1ms
35 timing idealTree:init Completed in 14ms
36 http fetch GET 200 https://registry.npmjs.org/types-registry 160ms (cache revalidated)
37 timing idealTree:userRequests Completed in 175ms
38 silly idealTree buildDeps
39 silly fetch manifest types-registry@0.1.749
40 silly placeDep ROOT types-registry@0.1.749 OK for:  want: 0.1.749
41 timing idealTree:#root Completed in 8ms
42 timing idealTree:node_modules/types-registry Completed in 0ms
43 timing idealTree:buildDeps Completed in 8ms
44 timing idealTree:fixDepFlags Completed in 0ms
45 timing idealTree Completed in 199ms
46 timing reify:loadTrees Completed in 201ms
47 timing reify:diffTrees Completed in 1ms
48 silly reify moves {}
49 timing reify:retireShallow Completed in 1ms
50 timing reify:createSparse Completed in 1ms
51 timing reify:loadBundles Completed in 0ms
52 silly audit bulk request { 'types-registry': [ '0.1.749' ] }
53 timing reifyNode:node_modules/types-registry Completed in 29ms
54 timing reify:unpack Completed in 29ms
55 timing reify:unretire Completed in 0ms
56 timing build:queue Completed in 0ms
57 timing build:deps Completed in 1ms
58 timing build Completed in 1ms
59 timing reify:build Completed in 1ms
60 timing reify:trash Completed in 0ms
61 timing reify:save Completed in 5ms
62 http fetch POST 200 https://registry.npmjs.org/-/npm/v1/security/advisories/bulk 225ms
63 timing auditReport:getReport Completed in 227ms
64 silly audit report {}
65 timing auditReport:init Completed in 0ms
66 timing reify:audit Completed in 229ms
67 timing reify Completed in 437ms
68 silly ADD node_modules/types-registry
69 timing command:install Completed in 445ms
70 verbose exit 0
71 timing npm Completed in 480ms
72 info ok
