0 verbose cli /usr/bin/node /usr/local/bin/npm
1 info using npm@9.5.0
2 info using node@v18.17.1
3 timing npm:load:whichnode Completed in 1ms
4 timing config:load:defaults Completed in 2ms
5 timing config:load:file:/usr/local/lib/node_modules/npm/npmrc Completed in 2ms
6 timing config:load:builtin Completed in 2ms
7 timing config:load:cli Completed in 2ms
8 timing config:load:env Completed in 0ms
9 timing config:load:file:/home/s314-clubmed/.cache/typescript/5.9/.npmrc Completed in 0ms
10 timing config:load:project Completed in 3ms
11 timing config:load:file:/home/s314-clubmed/.npmrc Completed in 0ms
12 timing config:load:user Completed in 0ms
13 timing config:load:file:/etc/npmrc Completed in 0ms
14 timing config:load:global Completed in 0ms
15 timing config:load:setEnvs Completed in 1ms
16 timing config:load Completed in 11ms
17 timing npm:load:configload Completed in 11ms
18 timing npm:load:mkdirpcache Completed in 0ms
19 timing npm:load:mkdirplogs Completed in 0ms
20 verbose title npm install types-registry@latest
21 verbose argv "install" "--ignore-scripts" "types-registry@latest"
22 timing npm:load:setTitle Completed in 1ms
23 timing config:load:flatten Completed in 3ms
24 timing npm:load:display Completed in 4ms
25 verbose logfile logs-max:10 dir:/home/s314-clubmed/.npm/_logs/2025-12-07T22_19_22_164Z-
26 verbose logfile /home/s314-clubmed/.npm/_logs/2025-12-07T22_19_22_164Z-debug-0.log
27 timing npm:load:logFile Completed in 4ms
28 timing npm:load:timers Completed in 0ms
29 timing npm:load:configScope Completed in 0ms
30 timing npm:load Completed in 23ms
31 timing arborist:ctor Completed in 1ms
32 silly logfile start cleaning logs, removing 1 files
33 silly logfile done cleaning log files
34 timing idealTree:init Completed in 17ms
35 timing arborist:ctor Completed in 0ms
36 http fetch GET 200 https://registry.npmjs.org/types-registry 186ms (cache updated)
37 timing idealTree:userRequests Completed in 196ms
38 silly idealTree buildDeps
39 silly fetch manifest types-registry@0.1.749
40 silly placeDep ROOT types-registry@0.1.749 REPLACE for:  want: 0.1.749
41 timing idealTree:#root Completed in 7ms
42 timing idealTree:node_modules/types-registry Completed in 0ms
43 timing idealTree:buildDeps Completed in 7ms
44 timing idealTree:fixDepFlags Completed in 1ms
45 timing idealTree Completed in 224ms
46 timing reify:loadTrees Completed in 224ms
47 timing reify:diffTrees Completed in 2ms
48 silly reify mark retired [
48 silly reify   '/home/s314-clubmed/.cache/typescript/5.9/node_modules/types-registry'
48 silly reify ]
49 silly reify moves {
49 silly reify   '/home/s314-clubmed/.cache/typescript/5.9/node_modules/types-registry': '/home/s314-clubmed/.cache/typescript/5.9/node_modules/.types-registry-GyczV1Kd'
49 silly reify }
50 timing reify:retireShallow Completed in 4ms
51 timing reify:createSparse Completed in 1ms
52 timing reify:loadBundles Completed in 0ms
53 silly audit bulk request {
53 silly audit   '@types/node': [ '24.10.1' ],
53 silly audit   'undici-types': [ '7.16.0' ],
53 silly audit   'types-registry': [ '0.1.749' ]
53 silly audit }
54 silly tarball no local data for types-registry@https://registry.npmjs.org/types-registry/-/types-registry-0.1.749.tgz. Extracting by manifest.
55 http fetch GET 200 https://registry.npmjs.org/types-registry/-/types-registry-0.1.749.tgz 91ms (cache miss)
56 timing reifyNode:node_modules/types-registry Completed in 99ms
57 timing reify:unpack Completed in 99ms
58 timing reify:unretire Completed in 0ms
59 timing build:queue Completed in 0ms
60 timing build:deps Completed in 0ms
61 timing build Completed in 1ms
62 timing reify:build Completed in 1ms
63 timing reify:trash Completed in 2ms
64 timing reify:save Completed in 10ms
65 http fetch POST 200 https://registry.npmjs.org/-/npm/v1/security/advisories/bulk 197ms
66 timing auditReport:getReport Completed in 198ms
67 silly audit report {}
68 timing auditReport:init Completed in 0ms
69 timing reify:audit Completed in 198ms
70 timing reify Completed in 435ms
71 silly CHANGE node_modules/types-registry
72 timing command:install Completed in 439ms
73 verbose exit 0
74 timing npm Completed in 474ms
75 info ok
