0 verbose cli /usr/bin/node /usr/local/bin/npm
1 info using npm@9.5.0
2 info using node@v18.17.1
3 timing npm:load:whichnode Completed in 1ms
4 timing config:load:defaults Completed in 1ms
5 timing config:load:file:/usr/local/lib/node_modules/npm/npmrc Completed in 2ms
6 timing config:load:builtin Completed in 3ms
7 timing config:load:cli Completed in 2ms
8 timing config:load:env Completed in 0ms
9 timing config:load:file:/home/s314-clubmed/.cache/typescript/5.9/.npmrc Completed in 0ms
10 timing config:load:project Completed in 2ms
11 timing config:load:file:/home/s314-clubmed/.npmrc Completed in 0ms
12 timing config:load:user Completed in 1ms
13 timing config:load:file:/etc/npmrc Completed in 0ms
14 timing config:load:global Completed in 0ms
15 timing config:load:setEnvs Completed in 1ms
16 timing config:load Completed in 10ms
17 timing npm:load:configload Completed in 11ms
18 timing npm:load:mkdirpcache Completed in 0ms
19 timing npm:load:mkdirplogs Completed in 1ms
20 verbose title npm install @types/node@ts5.9
21 verbose argv "install" "--ignore-scripts" "@types/node@ts5.9" "--save-dev" "--user-agent" "typesInstaller/5.9.3"
22 timing npm:load:setTitle Completed in 1ms
23 timing config:load:flatten Completed in 3ms
24 timing npm:load:display Completed in 4ms
25 verbose logfile logs-max:10 dir:/home/s314-clubmed/.npm/_logs/2025-12-11T13_58_47_110Z-
26 verbose logfile /home/s314-clubmed/.npm/_logs/2025-12-11T13_58_47_110Z-debug-0.log
27 timing npm:load:logFile Completed in 5ms
28 timing npm:load:timers Completed in 0ms
29 timing npm:load:configScope Completed in 0ms
30 timing npm:load Completed in 23ms
31 timing arborist:ctor Completed in 1ms
32 silly logfile start cleaning logs, removing 1 files
33 silly logfile done cleaning log files
34 timing idealTree:init Completed in 14ms
35 timing arborist:ctor Completed in 1ms
36 http fetch GET 200 https://registry.npmjs.org/@types%2fnode 291ms (cache updated)
37 timing idealTree:userRequests Completed in 310ms
38 silly idealTree buildDeps
39 silly fetch manifest @types/node@25.0.0
40 silly placeDep ROOT @types/node@25.0.0 OK for:  want: 25.0.0
41 silly fetch manifest undici-types@~7.16.0
42 http fetch GET 200 https://registry.npmjs.org/undici-types 42ms (cache revalidated)
43 timing idealTree:#root Completed in 55ms
44 silly placeDep ROOT undici-types@7.16.0 OK for: @types/node@25.0.0 want: ~7.16.0
45 timing idealTree:node_modules/@types/node Completed in 4ms
46 timing idealTree:node_modules/undici-types Completed in 0ms
47 timing idealTree:buildDeps Completed in 61ms
48 timing idealTree:fixDepFlags Completed in 0ms
49 timing idealTree Completed in 387ms
50 timing reify:loadTrees Completed in 387ms
51 timing reify:diffTrees Completed in 1ms
52 silly reify moves {}
53 timing reify:retireShallow Completed in 1ms
54 timing reify:createSparse Completed in 1ms
55 timing reify:loadBundles Completed in 0ms
56 silly audit bulk request {
56 silly audit   'types-registry': [ '0.1.749' ],
56 silly audit   '@types/node': [ '25.0.0' ],
56 silly audit   'undici-types': [ '7.16.0' ]
56 silly audit }
57 silly tarball no local data for @types/node@https://registry.npmjs.org/@types/node/-/node-25.0.0.tgz. Extracting by manifest.
58 timing reifyNode:node_modules/undici-types Completed in 43ms
59 http fetch GET 200 https://registry.npmjs.org/@types/node/-/node-25.0.0.tgz 114ms (cache miss)
60 timing reifyNode:node_modules/@types/node Completed in 121ms
61 timing reify:unpack Completed in 122ms
62 timing reify:unretire Completed in 1ms
63 timing build:queue Completed in 1ms
64 timing build:deps Completed in 1ms
65 timing build Completed in 1ms
66 timing reify:build Completed in 1ms
67 timing reify:trash Completed in 0ms
68 timing reify:save Completed in 6ms
69 http fetch POST 200 https://registry.npmjs.org/-/npm/v1/security/advisories/bulk 213ms
70 timing auditReport:getReport Completed in 214ms
71 silly audit report {}
72 timing auditReport:init Completed in 0ms
73 timing reify:audit Completed in 215ms
74 timing reify Completed in 610ms
75 silly ADD node_modules/undici-types
76 silly ADD node_modules/@types/node
77 timing command:install Completed in 615ms
78 verbose exit 0
79 timing npm Completed in 649ms
80 info ok
