0 verbose cli /usr/bin/node /usr/local/bin/npm
1 info using npm@9.5.0
2 info using node@v18.17.1
3 timing npm:load:whichnode Completed in 1ms
4 timing config:load:defaults Completed in 2ms
5 timing config:load:file:/usr/local/lib/node_modules/npm/npmrc Completed in 2ms
6 timing config:load:builtin Completed in 2ms
7 timing config:load:cli Completed in 2ms
8 timing config:load:env Completed in 0ms
9 timing config:load:file:/home/s314-clubmed/.cache/typescript/5.9/.npmrc Completed in 0ms
10 timing config:load:project Completed in 3ms
11 timing config:load:file:/home/s314-clubmed/.npmrc Completed in 0ms
12 timing config:load:user Completed in 0ms
13 timing config:load:file:/etc/npmrc Completed in 0ms
14 timing config:load:global Completed in 1ms
15 timing config:load:setEnvs Completed in 1ms
16 timing config:load Completed in 11ms
17 timing npm:load:configload Completed in 11ms
18 timing npm:load:mkdirpcache Completed in 0ms
19 timing npm:load:mkdirplogs Completed in 0ms
20 verbose title npm install @types/react@ts5.9
21 verbose argv "install" "--ignore-scripts" "@types/react@ts5.9" "--save-dev" "--user-agent" "typesInstaller/5.9.3"
22 timing npm:load:setTitle Completed in 2ms
23 timing config:load:flatten Completed in 3ms
24 timing npm:load:display Completed in 4ms
25 verbose logfile logs-max:10 dir:/home/s314-clubmed/.npm/_logs/2025-12-11T14_12_26_841Z-
26 verbose logfile /home/s314-clubmed/.npm/_logs/2025-12-11T14_12_26_841Z-debug-0.log
27 timing npm:load:logFile Completed in 5ms
28 timing npm:load:timers Completed in 0ms
29 timing npm:load:configScope Completed in 0ms
30 timing npm:load Completed in 23ms
31 timing arborist:ctor Completed in 1ms
32 silly logfile start cleaning logs, removing 1 files
33 silly logfile done cleaning log files
34 timing idealTree:init Completed in 19ms
35 timing arborist:ctor Completed in 1ms
36 http fetch GET 200 https://registry.npmjs.org/@types%2freact 177ms (cache miss)
37 timing idealTree:userRequests Completed in 187ms
38 silly idealTree buildDeps
39 silly fetch manifest @types/react@19.2.7
40 silly placeDep ROOT @types/react@19.2.7 OK for:  want: 19.2.7
41 silly fetch manifest csstype@^3.2.2
42 http fetch GET 200 https://registry.npmjs.org/csstype 45ms (cache revalidated)
43 timing idealTree:#root Completed in 53ms
44 silly placeDep ROOT csstype@3.2.3 OK for: @types/react@19.2.7 want: ^3.2.2
45 timing idealTree:node_modules/@types/react Completed in 3ms
46 timing idealTree:node_modules/csstype Completed in 0ms
47 timing idealTree:buildDeps Completed in 56ms
48 timing idealTree:fixDepFlags Completed in 0ms
49 timing idealTree Completed in 264ms
50 timing reify:loadTrees Completed in 265ms
51 timing reify:diffTrees Completed in 1ms
52 silly reify moves {}
53 timing reify:retireShallow Completed in 1ms
54 timing reify:createSparse Completed in 4ms
55 timing reify:loadBundles Completed in 0ms
56 silly audit bulk request {
56 silly audit   '@types/node': [ '25.0.0' ],
56 silly audit   'types-registry': [ '0.1.749' ],
56 silly audit   'undici-types': [ '7.16.0' ],
56 silly audit   '@types/react': [ '19.2.7' ],
56 silly audit   csstype: [ '3.2.3' ]
56 silly audit }
57 silly tarball no local data for @types/react@https://registry.npmjs.org/@types/react/-/react-19.2.7.tgz. Extracting by manifest.
58 timing reifyNode:node_modules/csstype Completed in 27ms
59 http fetch GET 200 https://registry.npmjs.org/@types/react/-/react-19.2.7.tgz 84ms (cache miss)
60 timing reifyNode:node_modules/@types/react Completed in 91ms
61 timing reify:unpack Completed in 92ms
62 timing reify:unretire Completed in 0ms
63 timing build:queue Completed in 0ms
64 timing build:deps Completed in 0ms
65 timing build Completed in 1ms
66 timing reify:build Completed in 1ms
67 timing reify:trash Completed in 0ms
68 timing reify:save Completed in 9ms
69 http fetch POST 200 https://registry.npmjs.org/-/npm/v1/security/advisories/bulk 227ms
70 timing auditReport:getReport Completed in 229ms
71 silly audit report {}
72 timing auditReport:init Completed in 0ms
73 timing reify:audit Completed in 229ms
74 timing reify Completed in 506ms
75 silly ADD node_modules/csstype
76 silly ADD node_modules/@types/react
77 timing command:install Completed in 511ms
78 verbose exit 0
79 timing npm Completed in 547ms
80 info ok
